2019-07-14 14:22:03.569  INFO 7413 --- [main] com.example.aop.AopApplication           : Starting AopApplication on wangxiaopengdeMacBook-Pro.local with PID 7413 (/Users/wangxiaopeng/repo/java/java-srpingboot-aop/target/classes started by wangxiaopeng in /Users/wangxiaopeng/repo/java/java-srpingboot-aop)
2019-07-14 14:22:03.571  INFO 7413 --- [main] com.example.aop.AopApplication           : No active profile set, falling back to default profiles: default
2019-07-14 14:22:04.350  INFO 7413 --- [main] o.s.b.w.embedded.tomcat.TomcatWebServer  : Tomcat initialized with port(s): 8080 (http)
2019-07-14 14:22:04.366  INFO 7413 --- [main] o.apache.catalina.core.StandardService   : Starting service [Tomcat]
2019-07-14 14:22:04.367  INFO 7413 --- [main] org.apache.catalina.core.StandardEngine  : Starting Servlet engine: [Apache Tomcat/9.0.21]
2019-07-14 14:22:04.417  INFO 7413 --- [main] o.a.c.c.C.[Tomcat].[localhost].[/]       : Initializing Spring embedded WebApplicationContext
2019-07-14 14:22:04.417  INFO 7413 --- [main] o.s.web.context.ContextLoader            : Root WebApplicationContext: initialization completed in 822 ms
2019-07-14 14:22:04.616  INFO 7413 --- [main] o.s.s.concurrent.ThreadPoolTaskExecutor  : Initializing ExecutorService 'applicationTaskExecutor'
2019-07-14 14:22:04.757  INFO 7413 --- [main] o.s.b.w.embedded.tomcat.TomcatWebServer  : Tomcat started on port(s): 8080 (http) with context path ''
2019-07-14 14:22:04.759  INFO 7413 --- [main] com.example.aop.AopApplication           : Started AopApplication in 1.423 seconds (JVM running for 1.98)
2019-07-14 14:22:10.657  INFO 7413 --- [http-nio-8080-exec-1] o.a.c.c.C.[Tomcat].[localhost].[/]       : Initializing Spring DispatcherServlet 'dispatcherServlet'
2019-07-14 14:22:10.658  INFO 7413 --- [http-nio-8080-exec-1] o.s.web.servlet.DispatcherServlet        : Initializing Servlet 'dispatcherServlet'
2019-07-14 14:22:10.665  INFO 7413 --- [http-nio-8080-exec-1] o.s.web.servlet.DispatcherServlet        : Completed initialization in 7 ms
2019-07-14 14:22:10.697  INFO 7413 --- [http-nio-8080-exec-1] class com.example.aop.WebLogAspect       : URL : http://localhost:8080/hello
2019-07-14 14:22:10.697  INFO 7413 --- [http-nio-8080-exec-1] class com.example.aop.WebLogAspect       : HTTP_METHOD : GET
2019-07-14 14:22:10.697  INFO 7413 --- [http-nio-8080-exec-1] class com.example.aop.WebLogAspect       : IP : 0:0:0:0:0:0:0:1
2019-07-14 14:22:10.698  INFO 7413 --- [http-nio-8080-exec-1] class com.example.aop.WebLogAspect       : CLASS_METHOD : com.example.aop.HelloController.hello
2019-07-14 14:22:10.698  INFO 7413 --- [http-nio-8080-exec-1] class com.example.aop.WebLogAspect       : ARGS : [chris]
2019-07-14 14:22:10.701  INFO 7413 --- [http-nio-8080-exec-1] class com.example.aop.WebLogAspect       : RESPONSE : Hello chris
2019-07-14 14:22:10.701  INFO 7413 --- [http-nio-8080-exec-1] class com.example.aop.WebLogAspect       : SPEND TIME : 5
2019-07-14 14:23:23.316  INFO 7413 --- [Thread-5] o.s.s.concurrent.ThreadPoolTaskExecutor  : Shutting down ExecutorService 'applicationTaskExecutor'
